
Bookモデルのテスト
  バリデーションのテスト
    titleカラム
[32m      空欄でないこと[0m
    bodyカラム
[32m      空欄でないこと[0m
[32m      200文字以下であること: 200文字は〇[0m
[32m      200文字以下であること: 201文字は×[0m
  アソシエーションのテスト
    Userモデルとの関係
[32m      N:1となっている[0m

Userモデルのテスト
  バリデーションのテスト
    nameカラム
[32m      空欄でないこと[0m
[32m      2文字以上であること: 1文字は×[0m
[32m      2文字以上であること: 2文字は〇[0m
[32m      20文字以下であること: 20文字は〇[0m
[32m      20文字以下であること: 21文字は×[0m
[32m      一意性があること[0m
    introductionカラム
[32m      50文字以下であること: 50文字は〇[0m
[32m      50文字以下であること: 51文字は×[0m
  アソシエーションのテスト
    Bookモデルとの関係
[32m      1:Nとなっている[0m

[STEP1] ユーザログイン前のテスト
  トップ画面のテスト
    表示内容の確認
[32m      URLが正しい[0m
[32m      Log inリンクが表示される: 青色のボタンの表示が「Log in」である[0m
[32m      Log inリンクの内容が正しい[0m
[31m      Sign upリンクが表示される: 緑色のボタンの表示が「Sign up」である (FAILED - 1)[0m
[32m      Sign upリンクの内容が正しい[0m
  アバウト画面のテスト
    表示内容の確認
[32m      URLが正しい[0m
  ヘッダーのテスト: ログインしていない場合
    表示内容の確認
[32m      Bookersリンクが表示される: 左上から1番目のリンクが「Bookers」である[0m
[31m      Homeリンクが表示される: 左上から2番目のリンクが「Home」である (FAILED - 2)[0m
[31m      Aboutリンクが表示される: 左上から3番目のリンクが「About」である (FAILED - 3)[0m
[31m      Sign upリンクが表示される: 左上から4番目のリンクが「Sign up」である (FAILED - 4)[0m
[31m      Log inリンクが表示される: 左上から5番目のリンクが「Log in」である (FAILED - 5)[0m
    リンクの内容を確認
[32m      Bookersを押すと、トップ画面に遷移する[0m
[32m      Homeを押すと、トップ画面に遷移する[0m
[32m      Aboutを押すと、アバウト画面に遷移する[0m
[32m      Sign upを押すと、新規登録画面に遷移する[0m
[32m      Log inを押すと、ログイン画面に遷移する[0m
  ユーザ新規登録のテスト
    表示内容の確認
[32m      URLが正しい[0m
[32m      「Sign up」と表示される[0m
[32m      nameフォームが表示される[0m
[32m      emailフォームが表示される[0m
[32m      passwordフォームが表示される[0m
[32m      password_confirmationフォームが表示される[0m
[32m      Sign upボタンが表示される[0m
    新規登録成功のテスト
[32m      正しく新規登録される[0m
[32m      新規登録後のリダイレクト先が、新規登録できたユーザの詳細画面になっている[0m
  ユーザログイン
    表示内容の確認
[32m      URLが正しい[0m
[32m      「Log in」と表示される[0m
[32m      nameフォームが表示される[0m
[32m      passwordフォームが表示される[0m
[32m      Log inボタンが表示される[0m
[32m      emailフォームは表示されない[0m
    ログイン成功のテスト
[32m      ログイン後のリダイレクト先が、ログインしたユーザの詳細画面になっている[0m
    ログイン失敗のテスト
[32m      ログインに失敗し、ログイン画面にリダイレクトされる[0m
  ヘッダーのテスト: ログインしている場合
    ヘッダーの表示を確認
[32m      Bookersリンクが表示される: 左上から1番目のリンクが「Bookers」である[0m
[31m      Homeリンクが表示される: 左上から2番目のリンクが「Home」である (FAILED - 6)[0m
[31m      Usersリンクが表示される: 左上から3番目のリンクが「Users」である (FAILED - 7)[0m
[31m      Booksリンクが表示される: 左上から4番目のリンクが「Books」である (FAILED - 8)[0m
[31m      Log outリンクが表示される: 左上から5番目のリンクが「Log out」である (FAILED - 9)[0m
  ユーザログアウトのテスト
    ログアウト機能のテスト
[32m      正しくログアウトできている: ログアウト後のリダイレクト先においてAbout画面へのリンクが存在する[0m
[32m      ログアウト後のリダイレクト先が、トップになっている[0m

[STEP2] ユーザログイン後のテスト
  ヘッダーのテスト: ログインしている場合
    リンクの内容を確認: ※logoutは『ユーザログアウトのテスト』でテスト済みになります。
[32m      Homeを押すと、自分のユーザ詳細画面に遷移する[0m
[32m      Usersを押すと、ユーザ一覧画面に遷移する[0m
[32m      Booksを押すと、投稿一覧画面に遷移する[0m
  投稿一覧画面のテスト
    表示内容の確認
[32m      URLが正しい[0m
[32m      自分と他人の画像のリンク先が正しい[0m
[32m      自分の投稿と他人の投稿のタイトルのリンク先がそれぞれ正しい[0m
[32m      自分の投稿と他人の投稿のオピニオンが表示される[0m
    サイドバーの確認
[32m      自分の名前と紹介文が表示される[0m
[32m      自分のユーザ編集画面へのリンクが存在する[0m
[32m      「New book」と表示される[0m
[32m      titleフォームが表示される[0m
[32m      titleフォームに値が入っていない[0m
[32m      bodyフォームが表示される[0m
[32m      bodyフォームに値が入っていない[0m
[32m      Create Bookボタンが表示される[0m
    投稿成功のテスト
[32m      自分の新しい投稿が正しく保存される[0m
[32m      リダイレクト先が、保存できた投稿の詳細画面になっている[0m
  自分の投稿詳細画面のテスト
    表示内容の確認
[32m      URLが正しい[0m
[32m      「Book detail」と表示される[0m
[32m      ユーザ画像・名前のリンク先が正しい[0m
[32m      投稿のtitleが表示される[0m
[32m      投稿のbodyが表示される[0m
[32m      投稿の編集リンクが表示される[0m
[32m      投稿の削除リンクが表示される[0m
    サイドバーの確認
[32m      自分の名前と紹介文が表示される[0m
[32m      自分のユーザ編集画面へのリンクが存在する[0m
[32m      「New book」と表示される[0m
[32m      titleフォームが表示される[0m
[32m      titleフォームに値が入っていない[0m
[32m      bodyフォームが表示される[0m
[31m      bodyフォームに値が入っていない (FAILED - 10)[0m
[32m      Create Bookボタンが表示される[0m
    投稿成功のテスト
[31m      自分の新しい投稿が正しく保存される (FAILED - 11)[0m
    編集リンクのテスト
[32m      編集画面に遷移する[0m
    削除リンクのテスト
[32m      application.html.erbにjavascript_pack_tagを含んでいる[0m
[32m      正しく削除される[0m
[32m      リダイレクト先が、投稿一覧画面になっている[0m
  自分の投稿編集画面のテスト
    表示の確認
[32m      URLが正しい[0m
[32m      「Editing Book」と表示される[0m
[32m      title編集フォームが表示される[0m
[32m      body編集フォームが表示される[0m
[32m      Update Bookボタンが表示される[0m
[31m      Showリンクが表示される (FAILED - 12)[0m
[32m      Backリンクが表示される[0m
    編集成功のテスト
[32m      titleが正しく更新される[0m
[32m      bodyが正しく更新される[0m
[32m      リダイレクト先が、更新した投稿の詳細画面になっている[0m
  ユーザ一覧画面のテスト
    表示内容の確認
[32m      URLが正しい[0m
[32m      自分と他人の画像が表示される: fallbackの画像がサイドバーの1つ＋一覧(2人)の2つの計3つ存在する[0m
[32m      自分と他人の名前がそれぞれ表示される[0m
[32m      自分と他人のshowリンクがそれぞれ表示される[0m
    サイドバーの確認
[32m      自分の名前と紹介文が表示される[0m
[32m      自分のユーザ編集画面へのリンクが存在する[0m
[32m      「New book」と表示される[0m
[32m      titleフォームが表示される[0m
[32m      titleフォームに値が入っていない[0m
[32m      bodyフォームが表示される[0m
[32m      bodyフォームに値が入っていない[0m
[32m      Create Bookボタンが表示される[0m
  自分のユーザ詳細画面のテスト
    表示の確認
[32m      URLが正しい[0m
[32m      投稿一覧のユーザ画像のリンク先が正しい[0m
[32m      投稿一覧に自分の投稿のtitleが表示され、リンクが正しい[0m
[32m      投稿一覧に自分の投稿のbodyが表示される[0m
[32m      他人の投稿は表示されない[0m
    サイドバーの確認
[32m      自分の名前と紹介文が表示される[0m
[32m      自分のユーザ編集画面へのリンクが存在する[0m
[32m      「New book」と表示される[0m
[32m      titleフォームが表示される[0m
[32m      titleフォームに値が入っていない[0m
[32m      bodyフォームが表示される[0m
[32m      bodyフォームに値が入っていない[0m
[32m      Create Bookボタンが表示される[0m
  自分のユーザ情報編集画面のテスト
    表示の確認
[32m      URLが正しい[0m
[32m      名前編集フォームに自分の名前が表示される[0m
[32m      画像編集フォームが表示される[0m
[32m      自己紹介編集フォームに自分の自己紹介文が表示される[0m
[32m      Update Userボタンが表示される[0m
    更新成功のテスト
[32m      nameが正しく更新される[0m
[32m      introductionが正しく更新される[0m
[32m      リダイレクト先が、自分のユーザ詳細画面になっている[0m

[STEP3] 仕上げのテスト
  サクセスメッセージのテスト
[32m    ユーザ新規登録成功時[0m
[32m    ユーザログイン成功時[0m
[32m    ユーザログアウト成功時[0m
[32m    ユーザのプロフィール情報更新成功時[0m
[32m    投稿データの新規投稿成功時: 投稿一覧画面から行います。[0m
[32m    投稿データの更新成功時[0m
  処理失敗時のテスト
    ユーザ新規登録失敗: nameを1文字にする
[32m      新規登録されない[0m
[32m      新規登録画面を表示しており、フォームの内容が正しい[0m
[32m      バリデーションエラーが表示される[0m
    ユーザのプロフィール情報編集失敗: nameを1文字にする
[32m      更新されない[0m
[32m      ユーザ編集画面を表示しており、フォームの内容が正しい[0m
[32m      バリデーションエラーが表示される[0m
    投稿データの新規投稿失敗: 投稿一覧画面から行い、titleを空にする
[32m      投稿が保存されない[0m
[32m      投稿一覧画面を表示している[0m
[32m      新規投稿フォームの内容が正しい[0m
[32m      バリデーションエラーが表示される[0m
    投稿データの更新失敗: titleを空にする
[32m      投稿が更新されない[0m
[32m      投稿編集画面を表示しており、フォームの内容が正しい[0m
[32m      エラーメッセージが表示される[0m
  ログインしていない場合のアクセス制限のテスト: アクセスできず、ログイン画面に遷移する
[32m    ユーザ一覧画面[0m
[32m    ユーザ詳細画面[0m
[32m    ユーザ情報編集画面[0m
[32m    投稿一覧画面[0m
[32m    投稿詳細画面[0m
[32m    投稿編集画面[0m
  他人の画面のテスト
    他人の投稿詳細画面のテスト
      表示内容の確認
[32m        URLが正しい[0m
[32m        「Book detail」と表示される[0m
[32m        ユーザ画像・名前のリンク先が正しい[0m
[32m        投稿のtitleが表示される[0m
[32m        投稿のopinionが表示される[0m
[32m        投稿の編集リンクが表示されない[0m
[32m        投稿の削除リンクが表示されない[0m
      サイドバーの確認
[31m        他人の名前と紹介文が表示される (FAILED - 13)[0m
[31m        他人のユーザ編集画面へのリンクが存在する (FAILED - 14)[0m
[31m        自分の名前と紹介文は表示されない (FAILED - 15)[0m
[31m        自分のユーザ編集画面へのリンクは存在しない (FAILED - 16)[0m
    他人の投稿編集画面
[32m      遷移できず、投稿一覧画面にリダイレクトされる[0m
    他人のユーザ詳細画面のテスト
      表示の確認
[32m        URLが正しい[0m
[32m        投稿一覧のユーザ画像のリンク先が正しい[0m
[32m        投稿一覧に他人の投稿のtitleが表示され、リンクが正しい[0m
[32m        投稿一覧に他人の投稿のopinionが表示される[0m
[32m        自分の投稿は表示されない[0m
      サイドバーの確認
[31m        他人の名前と紹介文が表示される (FAILED - 17)[0m
[31m        他人のユーザ編集画面へのリンクが存在する (FAILED - 18)[0m
[31m        自分の名前と紹介文は表示されない (FAILED - 19)[0m
[31m        自分のユーザ編集画面へのリンクは存在しない (FAILED - 20)[0m
    他人のユーザ情報編集画面
[32m      遷移できず、自分のユーザ詳細画面にリダイレクトされる[0m
  グリッドシステムのテスト: container, row, col-md-〇を正しく使えている
[31m    ユーザ一覧画面 (FAILED - 21)[0m
[32m    ユーザ詳細画面[0m
[32m    投稿一覧画面[0m
[32m    投稿詳細画面[0m
  アイコンのテスト
    トップ画面
[32m      本のアイコンが表示される[0m
    アバウト画面
[32m      本のアイコンが表示される[0m
    ヘッダー: ログインしていない場合
[31m      Homeリンクのアイコンが表示される (FAILED - 22)[0m
[31m      Aboutリンクのアイコンが表示される (FAILED - 23)[0m
[31m      Sign upリンクのアイコンが表示される (FAILED - 24)[0m
[31m      Log inリンクのアイコンが表示される (FAILED - 25)[0m
    ヘッダー: ログインしている場合
[31m      Homeリンクのアイコンが表示される (FAILED - 26)[0m
[31m      Usersリンクのアイコンが表示される (FAILED - 27)[0m
[31m      Booksリンクのアイコンが表示される (FAILED - 28)[0m
[31m      Log outリンクのアイコンが表示される (FAILED - 29)[0m
    サイドバー
[31m      ユーザ一覧画面でレンチアイコンが表示される (FAILED - 30)[0m
[31m      ユーザ詳細画面でレンチアイコンが表示される (FAILED - 31)[0m
[31m      投稿一覧画面でレンチアイコンが表示される (FAILED - 32)[0m
[31m      投稿詳細画面でレンチアイコンが表示される (FAILED - 33)[0m

Failures:

  1) [STEP1] ユーザログイン前のテスト トップ画面のテスト 表示内容の確認 Sign upリンクが表示される: 緑色のボタンの表示が「Sign up」である
     [31mFailure/Error: expect(sign_up_link).to match(/Sign up/)[0m
     [31m[0m
     [31m  expected "Sign Up" to match /Sign up/[0m
     [31m  Diff:[0m[0m
     [31m  [0m[34m@@ -1 +1 @@[0m
     [31m  [0m[31m-/Sign up/[0m
     [31m  [0m[32m+"Sign Up"[0m
     [31m  [0m[0m
     [36m# ./spec/system/01_before_login_spec.rb:23:in `block (4 levels) in <main>'[0m

  2) [STEP1] ユーザログイン前のテスト ヘッダーのテスト: ログインしていない場合 表示内容の確認 Homeリンクが表示される: 左上から2番目のリンクが「Home」である
     [31mFailure/Error: expect(home_link).to match(/Home/)[0m
     [31m[0m
     [31m  expected "\n               home\n" to match /Home/[0m
     [31m  Diff:[0m[0m
     [31m  [0m[34m@@ -1,2 +1,3 @@[0m
     [31m  [0m[31m-/Home/[0m
     [31m  [0m[32m+[0m
     [31m  [0m[32m+               home[0m
     [31m  [0m[0m
     [36m# ./spec/system/01_before_login_spec.rb:56:in `block (4 levels) in <main>'[0m

  3) [STEP1] ユーザログイン前のテスト ヘッダーのテスト: ログインしていない場合 表示内容の確認 Aboutリンクが表示される: 左上から3番目のリンクが「About」である
     [31mFailure/Error: expect(about_link).to match(/About/)[0m
     [31m[0m
     [31m  expected "\n               about\n" to match /About/[0m
     [31m  Diff:[0m[0m
     [31m  [0m[34m@@ -1,2 +1,3 @@[0m
     [31m  [0m[31m-/About/[0m
     [31m  [0m[32m+[0m
     [31m  [0m[32m+               about[0m
     [31m  [0m[0m
     [36m# ./spec/system/01_before_login_spec.rb:60:in `block (4 levels) in <main>'[0m

  4) [STEP1] ユーザログイン前のテスト ヘッダーのテスト: ログインしていない場合 表示内容の確認 Sign upリンクが表示される: 左上から4番目のリンクが「Sign up」である
     [31mFailure/Error: expect(signup_link).to match(/Sign up/)[0m
     [31m[0m
     [31m  expected "\n               signup\n" to match /Sign up/[0m
     [31m  Diff:[0m[0m
     [31m  [0m[34m@@ -1,2 +1,3 @@[0m
     [31m  [0m[31m-/Sign up/[0m
     [31m  [0m[32m+[0m
     [31m  [0m[32m+               signup[0m
     [31m  [0m[0m
     [36m# ./spec/system/01_before_login_spec.rb:64:in `block (4 levels) in <main>'[0m

  5) [STEP1] ユーザログイン前のテスト ヘッダーのテスト: ログインしていない場合 表示内容の確認 Log inリンクが表示される: 左上から5番目のリンクが「Log in」である
     [31mFailure/Error: expect(login_link).to match(/Log in/)[0m
     [31m[0m
     [31m  expected "\n               login\n" to match /Log in/[0m
     [31m  Diff:[0m[0m
     [31m  [0m[34m@@ -1,2 +1,3 @@[0m
     [31m  [0m[31m-/Log in/[0m
     [31m  [0m[32m+[0m
     [31m  [0m[32m+               login[0m
     [31m  [0m[0m
     [36m# ./spec/system/01_before_login_spec.rb:68:in `block (4 levels) in <main>'[0m

  6) [STEP1] ユーザログイン前のテスト ヘッダーのテスト: ログインしている場合 ヘッダーの表示を確認 Homeリンクが表示される: 左上から2番目のリンクが「Home」である
     [31mFailure/Error: expect(home_link).to match(/Home/)[0m
     [31m[0m
     [31m  expected "\n               home\n" to match /Home/[0m
     [31m  Diff:[0m[0m
     [31m  [0m[34m@@ -1,2 +1,3 @@[0m
     [31m  [0m[31m-/Home/[0m
     [31m  [0m[32m+[0m
     [31m  [0m[32m+               home[0m
     [31m  [0m[0m
     [36m# ./spec/system/01_before_login_spec.rb:227:in `block (4 levels) in <main>'[0m

  7) [STEP1] ユーザログイン前のテスト ヘッダーのテスト: ログインしている場合 ヘッダーの表示を確認 Usersリンクが表示される: 左上から3番目のリンクが「Users」である
     [31mFailure/Error: expect(users_link).to match(/Users/)[0m
     [31m[0m
     [31m  expected "\n               users\n" to match /Users/[0m
     [31m  Diff:[0m[0m
     [31m  [0m[34m@@ -1,2 +1,3 @@[0m
     [31m  [0m[31m-/Users/[0m
     [31m  [0m[32m+[0m
     [31m  [0m[32m+               users[0m
     [31m  [0m[0m
     [36m# ./spec/system/01_before_login_spec.rb:231:in `block (4 levels) in <main>'[0m

  8) [STEP1] ユーザログイン前のテスト ヘッダーのテスト: ログインしている場合 ヘッダーの表示を確認 Booksリンクが表示される: 左上から4番目のリンクが「Books」である
     [31mFailure/Error: expect(books_link).to match(/Books/)[0m
     [31m[0m
     [31m  expected "\n               books\n" to match /Books/[0m
     [31m  Diff:[0m[0m
     [31m  [0m[34m@@ -1,2 +1,3 @@[0m
     [31m  [0m[31m-/Books/[0m
     [31m  [0m[32m+[0m
     [31m  [0m[32m+               books[0m
     [31m  [0m[0m
     [36m# ./spec/system/01_before_login_spec.rb:235:in `block (4 levels) in <main>'[0m

  9) [STEP1] ユーザログイン前のテスト ヘッダーのテスト: ログインしている場合 ヘッダーの表示を確認 Log outリンクが表示される: 左上から5番目のリンクが「Log out」である
     [31mFailure/Error: expect(logout_link).to match(/Log out/)[0m
     [31m[0m
     [31m  expected "\n               log out\n" to match /Log out/[0m
     [31m  Diff:[0m[0m
     [31m  [0m[34m@@ -1,2 +1,3 @@[0m
     [31m  [0m[31m-/Log out/[0m
     [31m  [0m[32m+[0m
     [31m  [0m[32m+               log out[0m
     [31m  [0m[0m
     [36m# ./spec/system/01_before_login_spec.rb:239:in `block (4 levels) in <main>'[0m

  10) [STEP2] ユーザログイン後のテスト 自分の投稿詳細画面のテスト サイドバーの確認 bodyフォームに値が入っていない
      [31mFailure/Error: expect(find_field('book[body]').text).to be_blank[0m
      [31m  expected `"o5w5exufpavmos6bfugl".blank?` to be truthy, got false[0m
      [36m# ./spec/system/02_after_login_spec.rb:158:in `block (4 levels) in <main>'[0m

  11) [STEP2] ユーザログイン後のテスト 自分の投稿詳細画面のテスト 投稿成功のテスト 自分の新しい投稿が正しく保存される
      [31mFailure/Error: expect { click_button 'Create Book' }.to change(user.books, :count).by(1)[0m
      [31m  expected `Book::ActiveRecord_Associations_CollectionProxy#count` to have changed by 1, but was changed by 0[0m
      [36m# ./spec/system/02_after_login_spec.rb:172:in `block (4 levels) in <main>'[0m

  12) [STEP2] ユーザログイン後のテスト 自分の投稿編集画面のテスト 表示の確認 Showリンクが表示される
      [31mFailure/Error: expect(page).to have_link 'Show', href: book_path(book)[0m
      [31m  expected to find link "Show" with href "/books/1" but there were no matches[0m
      [36m# ./spec/system/02_after_login_spec.rb:229:in `block (4 levels) in <main>'[0m

  13) [STEP3] 仕上げのテスト 他人の画面のテスト 他人の投稿詳細画面のテスト サイドバーの確認 他人の名前と紹介文が表示される
      [31mFailure/Error: expect(page).to have_content other_user.introduction[0m
      [31m  expected to find text "c5sr7nt6uc6p6tgf609y" in "Bookers\nhome users books log out\nUser info\nname igqbi34qa4 introduction 4u50k3wpg4vlo9hgdz34\nNew book\nTitle\nOpinion\ntc8img3u82t5ffyjk8j7\nBook detail\ncqih3h4csh 7os6x tc8img3u82t5ffyjk8j7\nCopyRight Infratop.inc"[0m
      [36m# ./spec/system/03_finishing_touches_spec.rb:245:in `block (5 levels) in <main>'[0m

  14) [STEP3] 仕上げのテスト 他人の画面のテスト 他人の投稿詳細画面のテスト サイドバーの確認 他人のユーザ編集画面へのリンクが存在する
      [31mFailure/Error: expect(page).to have_link '', href: edit_user_path(other_user)[0m
      [31m  expected to find link "" with href "/users/1/edit" but there were no matches[0m
      [36m# ./spec/system/03_finishing_touches_spec.rb:248:in `block (5 levels) in <main>'[0m

  15) [STEP3] 仕上げのテスト 他人の画面のテスト 他人の投稿詳細画面のテスト サイドバーの確認 自分の名前と紹介文は表示されない
      [31mFailure/Error: expect(page).not_to have_content user.name[0m
      [31m  expected not to find text "bskz06hwyp" in "Bookers\nhome users books log out\nUser info\nname bskz06hwyp introduction blvx2z1d7zxw3r1t3hbq\nNew book\nTitle\nOpinion\nn5i38li40sqx1rp7vq6b\nBook detail\nwp18nzyn7u 828m1 n5i38li40sqx1rp7vq6b\nCopyRight Infratop.inc"[0m
      [36m# ./spec/system/03_finishing_touches_spec.rb:251:in `block (5 levels) in <main>'[0m

  16) [STEP3] 仕上げのテスト 他人の画面のテスト 他人の投稿詳細画面のテスト サイドバーの確認 自分のユーザ編集画面へのリンクは存在しない
      [31mFailure/Error: expect(page).not_to have_link '', href: edit_user_path(user)[0m
      [31m  expected not to find visible link "" with href "/users/2/edit", found 1 match: ""[0m
      [36m# ./spec/system/03_finishing_touches_spec.rb:255:in `block (5 levels) in <main>'[0m

  17) [STEP3] 仕上げのテスト 他人の画面のテスト 他人のユーザ詳細画面のテスト サイドバーの確認 他人の名前と紹介文が表示される
      [31mFailure/Error: expect(page).to have_content other_user.name[0m
      [31m  expected to find text "cccmjawvaj" in "Bookers\nhome users books log out\nUser info\nname 4ig0rbfedc introduction otlnvbcp74vhe8x4hh8e\nNew book\nTitle\nOpinion\nBooks\nTitle Opinion ghybu quf3qj83cvp5pgd7fbnh\nCopyRight Infratop.inc"[0m
      [36m# ./spec/system/03_finishing_touches_spec.rb:293:in `block (5 levels) in <main>'[0m

  18) [STEP3] 仕上げのテスト 他人の画面のテスト 他人のユーザ詳細画面のテスト サイドバーの確認 他人のユーザ編集画面へのリンクが存在する
      [31mFailure/Error: expect(page).to have_link '', href: edit_user_path(other_user)[0m
      [31m  expected to find link "" with href "/users/1/edit" but there were no matches[0m
      [36m# ./spec/system/03_finishing_touches_spec.rb:297:in `block (5 levels) in <main>'[0m

  19) [STEP3] 仕上げのテスト 他人の画面のテスト 他人のユーザ詳細画面のテスト サイドバーの確認 自分の名前と紹介文は表示されない
      [31mFailure/Error: expect(page).not_to have_content user.name[0m
      [31m  expected not to find text "jra5ur5whb" in "Bookers\nhome users books log out\nUser info\nname jra5ur5whb introduction u05aiesyfr4q7z7o89dx\nNew book\nTitle\nOpinion\nBooks\nTitle Opinion o4nbz ds9djlazpqptxi2f2o8p\nCopyRight Infratop.inc"[0m
      [36m# ./spec/system/03_finishing_touches_spec.rb:300:in `block (5 levels) in <main>'[0m

  20) [STEP3] 仕上げのテスト 他人の画面のテスト 他人のユーザ詳細画面のテスト サイドバーの確認 自分のユーザ編集画面へのリンクは存在しない
      [31mFailure/Error: expect(page).not_to have_link '', href: edit_user_path(user)[0m
      [31m  expected not to find visible link "" with href "/users/2/edit", found 1 match: ""[0m
      [36m# ./spec/system/03_finishing_touches_spec.rb:304:in `block (5 levels) in <main>'[0m

  21) [STEP3] 仕上げのテスト グリッドシステムのテスト: container, row, col-md-〇を正しく使えている ユーザ一覧画面
      [31mFailure/Error: is_expected.to have_selector '.container .row .col-md-3'[0m
      [31m  expected to find css ".container .row .col-md-3" but there were no matches[0m
      [36m# ./spec/system/03_finishing_touches_spec.rb:329:in `block (3 levels) in <main>'[0m

  22) [STEP3] 仕上げのテスト アイコンのテスト ヘッダー: ログインしていない場合 Homeリンクのアイコンが表示される
      [31mFailure/Error: is_expected.to have_selector '.fas.fa-home'[0m
      [31m  expected to find css ".fas.fa-home" but there were no matches[0m
      [36m# ./spec/system/03_finishing_touches_spec.rb:382:in `block (4 levels) in <main>'[0m

  23) [STEP3] 仕上げのテスト アイコンのテスト ヘッダー: ログインしていない場合 Aboutリンクのアイコンが表示される
      [31mFailure/Error: is_expected.to have_selector '.fas.fa-link'[0m
      [31m  expected to find css ".fas.fa-link" but there were no matches[0m
      [36m# ./spec/system/03_finishing_touches_spec.rb:385:in `block (4 levels) in <main>'[0m

  24) [STEP3] 仕上げのテスト アイコンのテスト ヘッダー: ログインしていない場合 Sign upリンクのアイコンが表示される
      [31mFailure/Error: is_expected.to have_selector '.fas.fa-user-plus'[0m
      [31m  expected to find css ".fas.fa-user-plus" but there were no matches[0m
      [36m# ./spec/system/03_finishing_touches_spec.rb:388:in `block (4 levels) in <main>'[0m

  25) [STEP3] 仕上げのテスト アイコンのテスト ヘッダー: ログインしていない場合 Log inリンクのアイコンが表示される
      [31mFailure/Error: is_expected.to have_selector '.fas.fa-sign-in-alt'[0m
      [31m  expected to find css ".fas.fa-sign-in-alt" but there were no matches[0m
      [36m# ./spec/system/03_finishing_touches_spec.rb:391:in `block (4 levels) in <main>'[0m

  26) [STEP3] 仕上げのテスト アイコンのテスト ヘッダー: ログインしている場合 Homeリンクのアイコンが表示される
      [31mFailure/Error: is_expected.to have_selector '.fas.fa-home'[0m
      [31m  expected to find css ".fas.fa-home" but there were no matches[0m
      [36m# ./spec/system/03_finishing_touches_spec.rb:406:in `block (4 levels) in <main>'[0m

  27) [STEP3] 仕上げのテスト アイコンのテスト ヘッダー: ログインしている場合 Usersリンクのアイコンが表示される
      [31mFailure/Error: is_expected.to have_selector '.fas.fa-users'[0m
      [31m  expected to find css ".fas.fa-users" but there were no matches[0m
      [36m# ./spec/system/03_finishing_touches_spec.rb:409:in `block (4 levels) in <main>'[0m

  28) [STEP3] 仕上げのテスト アイコンのテスト ヘッダー: ログインしている場合 Booksリンクのアイコンが表示される
      [31mFailure/Error: is_expected.to have_selector '.fas.fa-book-open'[0m
      [31m  expected to find css ".fas.fa-book-open" but there were no matches[0m
      [36m# ./spec/system/03_finishing_touches_spec.rb:412:in `block (4 levels) in <main>'[0m

  29) [STEP3] 仕上げのテスト アイコンのテスト ヘッダー: ログインしている場合 Log outリンクのアイコンが表示される
      [31mFailure/Error: is_expected.to have_selector '.fas.fa-sign-out-alt'[0m
      [31m  expected to find css ".fas.fa-sign-out-alt" but there were no matches[0m
      [36m# ./spec/system/03_finishing_touches_spec.rb:415:in `block (4 levels) in <main>'[0m

  30) [STEP3] 仕上げのテスト アイコンのテスト サイドバー ユーザ一覧画面でレンチアイコンが表示される
      [31mFailure/Error: is_expected.to have_selector '.fas.fa-user-cog'[0m
      [31m  expected to find css ".fas.fa-user-cog" but there were no matches[0m
      [36m# ./spec/system/03_finishing_touches_spec.rb:431:in `block (4 levels) in <main>'[0m

  31) [STEP3] 仕上げのテスト アイコンのテスト サイドバー ユーザ詳細画面でレンチアイコンが表示される
      [31mFailure/Error: is_expected.to have_selector '.fas.fa-user-cog'[0m
      [31m  expected to find css ".fas.fa-user-cog" but there were no matches[0m
      [36m# ./spec/system/03_finishing_touches_spec.rb:435:in `block (4 levels) in <main>'[0m

  32) [STEP3] 仕上げのテスト アイコンのテスト サイドバー 投稿一覧画面でレンチアイコンが表示される
      [31mFailure/Error: is_expected.to have_selector '.fas.fa-user-cog'[0m
      [31m  expected to find css ".fas.fa-user-cog" but there were no matches[0m
      [36m# ./spec/system/03_finishing_touches_spec.rb:439:in `block (4 levels) in <main>'[0m

  33) [STEP3] 仕上げのテスト アイコンのテスト サイドバー 投稿詳細画面でレンチアイコンが表示される
      [31mFailure/Error: is_expected.to have_selector '.fas.fa-user-cog'[0m
      [31m  expected to find css ".fas.fa-user-cog" but there were no matches[0m
      [36m# ./spec/system/03_finishing_touches_spec.rb:443:in `block (4 levels) in <main>'[0m

Finished in 58.83 seconds (files took 5.27 seconds to load)
[31m199 examples, 33 failures[0m

Failed examples:

[31mrspec ./spec/system/01_before_login_spec.rb:21[0m [36m# [STEP1] ユーザログイン前のテスト トップ画面のテスト 表示内容の確認 Sign upリンクが表示される: 緑色のボタンの表示が「Sign up」である[0m
[31mrspec ./spec/system/01_before_login_spec.rb:54[0m [36m# [STEP1] ユーザログイン前のテスト ヘッダーのテスト: ログインしていない場合 表示内容の確認 Homeリンクが表示される: 左上から2番目のリンクが「Home」である[0m
[31mrspec ./spec/system/01_before_login_spec.rb:58[0m [36m# [STEP1] ユーザログイン前のテスト ヘッダーのテスト: ログインしていない場合 表示内容の確認 Aboutリンクが表示される: 左上から3番目のリンクが「About」である[0m
[31mrspec ./spec/system/01_before_login_spec.rb:62[0m [36m# [STEP1] ユーザログイン前のテスト ヘッダーのテスト: ログインしていない場合 表示内容の確認 Sign upリンクが表示される: 左上から4番目のリンクが「Sign up」である[0m
[31mrspec ./spec/system/01_before_login_spec.rb:66[0m [36m# [STEP1] ユーザログイン前のテスト ヘッダーのテスト: ログインしていない場合 表示内容の確認 Log inリンクが表示される: 左上から5番目のリンクが「Log in」である[0m
[31mrspec ./spec/system/01_before_login_spec.rb:225[0m [36m# [STEP1] ユーザログイン前のテスト ヘッダーのテスト: ログインしている場合 ヘッダーの表示を確認 Homeリンクが表示される: 左上から2番目のリンクが「Home」である[0m
[31mrspec ./spec/system/01_before_login_spec.rb:229[0m [36m# [STEP1] ユーザログイン前のテスト ヘッダーのテスト: ログインしている場合 ヘッダーの表示を確認 Usersリンクが表示される: 左上から3番目のリンクが「Users」である[0m
[31mrspec ./spec/system/01_before_login_spec.rb:233[0m [36m# [STEP1] ユーザログイン前のテスト ヘッダーのテスト: ログインしている場合 ヘッダーの表示を確認 Booksリンクが表示される: 左上から4番目のリンクが「Books」である[0m
[31mrspec ./spec/system/01_before_login_spec.rb:237[0m [36m# [STEP1] ユーザログイン前のテスト ヘッダーのテスト: ログインしている場合 ヘッダーの表示を確認 Log outリンクが表示される: 左上から5番目のリンクが「Log out」である[0m
[31mrspec ./spec/system/02_after_login_spec.rb:157[0m [36m# [STEP2] ユーザログイン後のテスト 自分の投稿詳細画面のテスト サイドバーの確認 bodyフォームに値が入っていない[0m
[31mrspec ./spec/system/02_after_login_spec.rb:171[0m [36m# [STEP2] ユーザログイン後のテスト 自分の投稿詳細画面のテスト 投稿成功のテスト 自分の新しい投稿が正しく保存される[0m
[31mrspec ./spec/system/02_after_login_spec.rb:228[0m [36m# [STEP2] ユーザログイン後のテスト 自分の投稿編集画面のテスト 表示の確認 Showリンクが表示される[0m
[31mrspec ./spec/system/03_finishing_touches_spec.rb:243[0m [36m# [STEP3] 仕上げのテスト 他人の画面のテスト 他人の投稿詳細画面のテスト サイドバーの確認 他人の名前と紹介文が表示される[0m
[31mrspec ./spec/system/03_finishing_touches_spec.rb:247[0m [36m# [STEP3] 仕上げのテスト 他人の画面のテスト 他人の投稿詳細画面のテスト サイドバーの確認 他人のユーザ編集画面へのリンクが存在する[0m
[31mrspec ./spec/system/03_finishing_touches_spec.rb:250[0m [36m# [STEP3] 仕上げのテスト 他人の画面のテスト 他人の投稿詳細画面のテスト サイドバーの確認 自分の名前と紹介文は表示されない[0m
[31mrspec ./spec/system/03_finishing_touches_spec.rb:254[0m [36m# [STEP3] 仕上げのテスト 他人の画面のテスト 他人の投稿詳細画面のテスト サイドバーの確認 自分のユーザ編集画面へのリンクは存在しない[0m
[31mrspec ./spec/system/03_finishing_touches_spec.rb:292[0m [36m# [STEP3] 仕上げのテスト 他人の画面のテスト 他人のユーザ詳細画面のテスト サイドバーの確認 他人の名前と紹介文が表示される[0m
[31mrspec ./spec/system/03_finishing_touches_spec.rb:296[0m [36m# [STEP3] 仕上げのテスト 他人の画面のテスト 他人のユーザ詳細画面のテスト サイドバーの確認 他人のユーザ編集画面へのリンクが存在する[0m
[31mrspec ./spec/system/03_finishing_touches_spec.rb:299[0m [36m# [STEP3] 仕上げのテスト 他人の画面のテスト 他人のユーザ詳細画面のテスト サイドバーの確認 自分の名前と紹介文は表示されない[0m
[31mrspec ./spec/system/03_finishing_touches_spec.rb:303[0m [36m# [STEP3] 仕上げのテスト 他人の画面のテスト 他人のユーザ詳細画面のテスト サイドバーの確認 自分のユーザ編集画面へのリンクは存在しない[0m
[31mrspec ./spec/system/03_finishing_touches_spec.rb:327[0m [36m# [STEP3] 仕上げのテスト グリッドシステムのテスト: container, row, col-md-〇を正しく使えている ユーザ一覧画面[0m
[31mrspec ./spec/system/03_finishing_touches_spec.rb:381[0m [36m# [STEP3] 仕上げのテスト アイコンのテスト ヘッダー: ログインしていない場合 Homeリンクのアイコンが表示される[0m
[31mrspec ./spec/system/03_finishing_touches_spec.rb:384[0m [36m# [STEP3] 仕上げのテスト アイコンのテスト ヘッダー: ログインしていない場合 Aboutリンクのアイコンが表示される[0m
[31mrspec ./spec/system/03_finishing_touches_spec.rb:387[0m [36m# [STEP3] 仕上げのテスト アイコンのテスト ヘッダー: ログインしていない場合 Sign upリンクのアイコンが表示される[0m
[31mrspec ./spec/system/03_finishing_touches_spec.rb:390[0m [36m# [STEP3] 仕上げのテスト アイコンのテスト ヘッダー: ログインしていない場合 Log inリンクのアイコンが表示される[0m
[31mrspec ./spec/system/03_finishing_touches_spec.rb:405[0m [36m# [STEP3] 仕上げのテスト アイコンのテスト ヘッダー: ログインしている場合 Homeリンクのアイコンが表示される[0m
[31mrspec ./spec/system/03_finishing_touches_spec.rb:408[0m [36m# [STEP3] 仕上げのテスト アイコンのテスト ヘッダー: ログインしている場合 Usersリンクのアイコンが表示される[0m
[31mrspec ./spec/system/03_finishing_touches_spec.rb:411[0m [36m# [STEP3] 仕上げのテスト アイコンのテスト ヘッダー: ログインしている場合 Booksリンクのアイコンが表示される[0m
[31mrspec ./spec/system/03_finishing_touches_spec.rb:414[0m [36m# [STEP3] 仕上げのテスト アイコンのテスト ヘッダー: ログインしている場合 Log outリンクのアイコンが表示される[0m
[31mrspec ./spec/system/03_finishing_touches_spec.rb:429[0m [36m# [STEP3] 仕上げのテスト アイコンのテスト サイドバー ユーザ一覧画面でレンチアイコンが表示される[0m
[31mrspec ./spec/system/03_finishing_touches_spec.rb:433[0m [36m# [STEP3] 仕上げのテスト アイコンのテスト サイドバー ユーザ詳細画面でレンチアイコンが表示される[0m
[31mrspec ./spec/system/03_finishing_touches_spec.rb:437[0m [36m# [STEP3] 仕上げのテスト アイコンのテスト サイドバー 投稿一覧画面でレンチアイコンが表示される[0m
[31mrspec ./spec/system/03_finishing_touches_spec.rb:441[0m [36m# [STEP3] 仕上げのテスト アイコンのテスト サイドバー 投稿詳細画面でレンチアイコンが表示される[0m

